2025-11-09 19:52:31,605 | INFO | Compare: coop_producteurs (3518 -> 3518 lignes)
2025-11-09 19:52:31,615 | INFO | Compare: coop_plantations (3540 -> 3540 lignes)
2025-11-09 19:52:32,492 | INFO | Compare: parcelles (3046 -> 2852 polygones)
2025-11-09 19:52:32,495 | INFO | Rapport d'audit exporte -> display-data/data_cleaning_audit.json
2025-11-09 19:52:32,495 | INFO | Script termine avec succes.
2025-11-09 23:56:45,835 | INFO | Compare: coop_producteurs (3518 -> 3518 lignes)
2025-11-09 23:56:45,845 | INFO | Compare: coop_plantations (3540 -> 3540 lignes)
2025-11-09 23:56:46,743 | INFO | Compare: parcelles (3046 -> 2852 polygones)
2025-11-09 23:56:46,746 | INFO | Rapport d'audit exporte -> display-data/data_cleaning_audit.json
2025-11-09 23:56:46,746 | INFO | Script termine avec succes.
2025-11-10 00:31:46,706 | INFO | Compare: coop_producteurs (3518 -> 3518 lignes)
2025-11-10 00:31:46,718 | INFO | Compare: coop_plantations (3540 -> 3540 lignes)
2025-11-10 00:31:47,626 | INFO | Compare: parcelles (3046 -> 2852 polygones)
2025-11-10 00:31:47,634 | INFO | Rapport d'audit exporte -> display-data/data_cleaning_audit.json
2025-11-10 00:31:47,635 | INFO | Script termine avec succes.
2025-11-10 01:04:08,505 | INFO | Compare: coop_producteurs (3518 -> 3518 lignes)
2025-11-10 01:04:08,516 | INFO | Compare: coop_plantations (3540 -> 3540 lignes)
2025-11-10 01:04:09,407 | INFO | Compare: parcelles (3046 -> 2852 polygones)
2025-11-10 01:04:09,411 | INFO | Rapport d'audit exporte -> display-data/data_cleaning_audit.json
2025-11-10 01:04:09,411 | INFO | Script termine avec succes.
