2025-11-09 19:40:00,197 | WARNING | Fichier manquant: outputs/script_3/doublons_producteurs.csv
2025-11-09 19:40:00,197 | WARNING | Fichier manquant: outputs/script_7/doublons_parcelles.csv
2025-11-09 19:40:00,197 | WARNING | Fichier manquant: outputs/script_10/chevauchements_parcelles.csv
2025-11-09 19:40:00,198 | INFO | Export JSON -> display-data/anomalies_surface.json (885 lignes)
2025-11-09 19:40:00,198 | INFO | Export JSON -> display-data/doublons_producteurs.json (0 lignes)
2025-11-09 19:40:00,199 | INFO | Export JSON -> display-data/doublons_parcelles.json (0 lignes)
2025-11-09 19:40:00,199 | INFO | Export JSON -> display-data/chevauchements_parcelles.json (0 lignes)
2025-11-09 19:40:00,199 | INFO | Resume exporte -> display-data/resume_anomalies.json
2025-11-09 19:40:00,199 | INFO | Export des donnees analytiques termine avec succes.
2025-11-09 19:52:31,237 | WARNING | Fichier manquant: outputs/script_3/doublons_producteurs.csv
2025-11-09 19:52:31,238 | WARNING | Fichier manquant: outputs/script_7/doublons_parcelles.csv
2025-11-09 19:52:31,238 | WARNING | Fichier manquant: outputs/script_10/chevauchements_parcelles.csv
2025-11-09 19:52:31,239 | INFO | Export JSON -> display-data/anomalies_surface.json (885 lignes)
2025-11-09 19:52:31,239 | INFO | Export JSON -> display-data/doublons_producteurs.json (0 lignes)
2025-11-09 19:52:31,240 | INFO | Export JSON -> display-data/doublons_parcelles.json (0 lignes)
2025-11-09 19:52:31,240 | INFO | Export JSON -> display-data/chevauchements_parcelles.json (0 lignes)
2025-11-09 19:52:31,240 | INFO | Resume exporte -> display-data/resume_anomalies.json
2025-11-09 19:52:31,240 | INFO | Export des donnees analytiques termine avec succes.
2025-11-09 23:56:45,213 | WARNING | Fichier manquant: outputs/script_3/doublons_producteurs.csv
2025-11-09 23:56:45,213 | WARNING | Fichier manquant: outputs/script_7/doublons_parcelles.csv
2025-11-09 23:56:45,214 | WARNING | Fichier manquant: outputs/script_10/chevauchements_parcelles.csv
2025-11-09 23:56:45,215 | INFO | Export JSON -> display-data/anomalies_surface.json (885 lignes)
2025-11-09 23:56:45,216 | INFO | Export JSON -> display-data/doublons_producteurs.json (0 lignes)
2025-11-09 23:56:45,216 | INFO | Export JSON -> display-data/doublons_parcelles.json (0 lignes)
2025-11-09 23:56:45,216 | INFO | Export JSON -> display-data/chevauchements_parcelles.json (0 lignes)
2025-11-09 23:56:45,216 | INFO | Resume exporte -> display-data/resume_anomalies.json
2025-11-09 23:56:45,217 | INFO | Export des donnees analytiques termine avec succes.
2025-11-10 00:31:46,003 | WARNING | Fichier manquant: outputs/script_3/doublons_producteurs.csv
2025-11-10 00:31:46,003 | WARNING | Fichier manquant: outputs/script_7/doublons_parcelles.csv
2025-11-10 00:31:46,004 | WARNING | Fichier manquant: outputs/script_10/chevauchements_parcelles.csv
2025-11-10 00:31:46,005 | INFO | Export JSON -> display-data/anomalies_surface.json (885 lignes)
2025-11-10 00:31:46,005 | INFO | Export JSON -> display-data/doublons_producteurs.json (0 lignes)
2025-11-10 00:31:46,005 | INFO | Export JSON -> display-data/doublons_parcelles.json (0 lignes)
2025-11-10 00:31:46,006 | INFO | Export JSON -> display-data/chevauchements_parcelles.json (0 lignes)
2025-11-10 00:31:46,006 | INFO | Resume exporte -> display-data/resume_anomalies.json
2025-11-10 00:31:46,006 | INFO | Export des donnees analytiques termine avec succes.
2025-11-10 01:02:31,501 | WARNING | Fichier manquant: outputs/script_3/doublons_producteurs.csv
2025-11-10 01:02:31,502 | WARNING | Fichier manquant: outputs/script_7/doublons_parcelles.csv
2025-11-10 01:02:31,607 | INFO | Export JSON -> display-data/anomalies_surface.json (885 lignes)
2025-11-10 01:02:31,607 | INFO | Export JSON -> display-data/doublons_producteurs.json (0 lignes)
2025-11-10 01:02:31,608 | INFO | Export JSON -> display-data/doublons_parcelles.json (0 lignes)
2025-11-10 01:02:31,608 | INFO | Export JSON -> display-data/chevauchements_parcelles.json (37 lignes)
2025-11-10 01:02:31,608 | INFO | Resume exporte -> display-data/resume_anomalies.json
2025-11-10 01:02:31,608 | INFO | Export des donnees analytiques termine avec succes.
2025-11-10 01:04:07,815 | WARNING | Fichier manquant: outputs/script_3/doublons_producteurs.csv
2025-11-10 01:04:07,815 | WARNING | Fichier manquant: outputs/script_7/doublons_parcelles.csv
2025-11-10 01:04:07,856 | INFO | Export JSON -> display-data/anomalies_surface.json (885 lignes)
2025-11-10 01:04:07,856 | INFO | Export JSON -> display-data/doublons_producteurs.json (0 lignes)
2025-11-10 01:04:07,857 | INFO | Export JSON -> display-data/doublons_parcelles.json (0 lignes)
2025-11-10 01:04:07,857 | INFO | Export JSON -> display-data/chevauchements_parcelles.json (37 lignes)
2025-11-10 01:04:07,858 | INFO | Resume exporte -> display-data/resume_anomalies.json
2025-11-10 01:04:07,858 | INFO | Export des donnees analytiques termine avec succes.
2025-11-10 02:25:18,904 | WARNING | Fichier manquant: outputs/script_3/doublons_producteurs.csv
2025-11-10 02:25:18,905 | WARNING | Fichier manquant: outputs/script_7/doublons_parcelles.csv
2025-11-10 02:25:18,939 | INFO | Export JSON -> display-data/anomalies_surface.json (885 lignes)
2025-11-10 02:25:18,939 | INFO | Export JSON -> display-data/doublons_producteurs.json (0 lignes)
2025-11-10 02:25:18,939 | INFO | Export JSON -> display-data/doublons_parcelles.json (0 lignes)
2025-11-10 02:25:18,940 | INFO | Export JSON -> display-data/chevauchements_parcelles.json (37 lignes)
2025-11-10 02:25:18,940 | INFO | Resume exporte -> display-data/resume_anomalies.json
2025-11-10 02:25:18,940 | INFO | Export des donnees analytiques termine avec succes.
2025-11-10 02:33:08,405 | WARNING | Fichier manquant: outputs/script_3/doublons_producteurs.csv
2025-11-10 02:33:08,406 | WARNING | Fichier manquant: outputs/script_7/doublons_parcelles.csv
2025-11-10 02:33:08,435 | INFO | Export JSON -> display-data/anomalies_surface.json (885 lignes)
2025-11-10 02:33:08,436 | INFO | Export JSON -> display-data/doublons_producteurs.json (0 lignes)
2025-11-10 02:33:08,436 | INFO | Export JSON -> display-data/doublons_parcelles.json (0 lignes)
2025-11-10 02:33:08,436 | INFO | Export JSON -> display-data/chevauchements_parcelles.json (37 lignes)
2025-11-10 02:33:08,437 | INFO | Resume exporte -> display-data/resume_anomalies.json
2025-11-10 02:33:08,437 | INFO | Export des donnees analytiques termine avec succes.
2025-11-10 02:37:43,743 | WARNING | Fichier manquant: outputs/script_3/doublons_producteurs.csv
2025-11-10 02:37:43,743 | WARNING | Fichier manquant: outputs/script_7/doublons_parcelles.csv
2025-11-10 02:37:43,779 | INFO | Export JSON -> display-data/anomalies_surface.json (885 lignes)
2025-11-10 02:37:43,779 | INFO | Export JSON -> display-data/doublons_producteurs.json (0 lignes)
2025-11-10 02:37:43,779 | INFO | Export JSON -> display-data/doublons_parcelles.json (0 lignes)
2025-11-10 02:37:43,780 | INFO | Export JSON -> display-data/chevauchements_parcelles.json (37 lignes)
2025-11-10 02:37:43,780 | INFO | Resume exporte -> display-data/resume_anomalies.json
2025-11-10 02:37:43,780 | INFO | Export des donnees analytiques termine avec succes.
