2025-11-09 19:17:16,451 | INFO | Lecture : data_clean/coop_producteurs_cols_normalized.csv
2025-11-09 19:17:16,522 | INFO | → Normalisation des valeurs manquantes : OK
2025-11-09 19:17:16,525 | INFO | → Trim texte : cooperative
2025-11-09 19:17:16,526 | INFO | → Trim texte : code_producteur
2025-11-09 19:17:16,526 | INFO | → Trim texte : ville
2025-11-09 19:17:16,527 | INFO | → Trim texte : nom_coach
2025-11-09 19:17:16,529 | INFO | → Trim texte : type_matricule
2025-11-09 19:17:16,529 | INFO | → Trim texte : genre
2025-11-09 19:17:16,532 | INFO | → Colonne réelle (float64) : superficie_totale_exploitation_ha
2025-11-09 19:17:16,536 | INFO | → Colonne réelle (float64) : superficie_totale_cacao_ha
2025-11-09 19:17:16,540 | INFO | → Colonne entière (Int64) : numero_ordre
2025-11-09 19:17:16,545 | INFO | → Colonne entière (Int64) : annee_naissance
2025-11-09 19:17:16,549 | INFO | → Colonne entière (Int64) : nb_plantations_cacao
2025-11-09 19:17:16,550 | INFO | → Colonne entière (Int64) : taille_menage
2025-11-09 19:17:16,554 | INFO | → Colonne entière (Int64) : estimation_totale_kg
2025-11-09 19:17:16,558 | INFO | → Colonne entière (Int64) : recolte_24_25_kg
2025-11-09 19:17:16,562 | INFO | → Colonne entière (Int64) : volume_livre_coop_24_25_kg
2025-11-09 19:17:16,563 | INFO | → Colonne entière (Int64) : recolte_23_24_kg
2025-11-09 19:17:16,565 | INFO | → Colonne entière (Int64) : volume_livre_coop_23_24_kg
2025-11-09 19:17:16,565 | INFO | Type final - numero_ordre: Int64
2025-11-09 19:17:16,565 | INFO | Type final - cooperative: object
2025-11-09 19:17:16,565 | INFO | Type final - codes_certification: object
2025-11-09 19:17:16,565 | INFO | Type final - code_producteur: object
2025-11-09 19:17:16,565 | INFO | Type final - autres_codes: float64
2025-11-09 19:17:16,565 | INFO | Type final - annee_naissance: Int64
2025-11-09 19:17:16,565 | INFO | Type final - date_adhesion: float64
2025-11-09 19:17:16,565 | INFO | Type final - genre: object
2025-11-09 19:17:16,565 | INFO | Type final - superficie_totale_exploitation_ha: float64
2025-11-09 19:17:16,565 | INFO | Type final - superficie_totale_cacao_ha: float64
2025-11-09 19:17:16,565 | INFO | Type final - nb_plantations_cacao: Int64
2025-11-09 19:17:16,565 | INFO | Type final - estimation_totale_kg: Int64
2025-11-09 19:17:16,565 | INFO | Type final - ville: object
2025-11-09 19:17:16,565 | INFO | Type final - nom_coach: object
2025-11-09 19:17:16,565 | INFO | Type final - numero_matricule: float64
2025-11-09 19:17:16,565 | INFO | Type final - type_matricule: object
2025-11-09 19:17:16,565 | INFO | Type final - taille_menage: Int64
2025-11-09 19:17:16,565 | INFO | Type final - recolte_24_25_kg: Int64
2025-11-09 19:17:16,565 | INFO | Type final - volume_livre_coop_24_25_kg: Int64
2025-11-09 19:17:16,565 | INFO | Type final - recolte_23_24_kg: Int64
2025-11-09 19:17:16,565 | INFO | Type final - volume_livre_coop_23_24_kg: Int64
2025-11-09 19:17:16,568 | INFO | 🧪 Diagnostic NA → outputs/script_3/na_coop_producteurs_clean.csv
2025-11-09 19:17:16,569 | INFO | 🔄 Normalisation des valeurs manquantes : 21505 cellules NaN remplacées par vide
2025-11-09 19:17:16,586 | INFO | Lecture : data_clean/coop_plantations_cols_normalized.csv
2025-11-09 19:17:16,631 | INFO | → Normalisation des valeurs manquantes : OK
2025-11-09 19:17:16,632 | INFO | → Trim texte : cooperative
2025-11-09 19:17:16,632 | INFO | → Trim texte : code_plantation
2025-11-09 19:17:16,632 | INFO | → Trim texte : code_producteur
2025-11-09 19:17:16,633 | INFO | → Trim texte : variete_cacao
2025-11-09 19:17:16,633 | INFO | → Trim texte : gerant
2025-11-09 19:17:16,635 | INFO | → Trim texte : donnees_polygonales
2025-11-09 19:17:16,638 | INFO | → Colonne réelle (float64) : superficie_cacao_ha
2025-11-09 19:17:16,642 | INFO | → Colonne réelle (float64) : rendement_kg_ha
2025-11-09 19:17:16,646 | INFO | → Colonne réelle (float64) : latitude
2025-11-09 19:17:16,649 | INFO | → Colonne réelle (float64) : longitude
2025-11-09 19:17:16,653 | INFO | → Colonne entière (Int64) : numero_ordre
2025-11-09 19:17:16,657 | INFO | → Colonne entière (Int64) : estimation_kg
2025-11-09 19:17:16,657 | INFO | Type final - numero_ordre: Int64
2025-11-09 19:17:16,657 | INFO | Type final - cooperative: object
2025-11-09 19:17:16,657 | INFO | Type final - code_plantation: object
2025-11-09 19:17:16,657 | INFO | Type final - code_producteur: object
2025-11-09 19:17:16,657 | INFO | Type final - autres_codes: float64
2025-11-09 19:17:16,657 | INFO | Type final - superficie_cacao_ha: float64
2025-11-09 19:17:16,657 | INFO | Type final - rendement_kg_ha: float64
2025-11-09 19:17:16,658 | INFO | Type final - estimation_kg: Int64
2025-11-09 19:17:16,658 | INFO | Type final - variete_cacao: object
2025-11-09 19:17:16,658 | INFO | Type final - gerant: object
2025-11-09 19:17:16,658 | INFO | Type final - nom_gerant: float64
2025-11-09 19:17:16,658 | INFO | Type final - latitude: float64
2025-11-09 19:17:16,658 | INFO | Type final - longitude: float64
2025-11-09 19:17:16,658 | INFO | Type final - donnees_polygonales: object
2025-11-09 19:17:16,659 | INFO | 🧪 Diagnostic NA → outputs/script_3/na_coop_plantations_clean.csv
2025-11-09 19:17:16,660 | INFO | 🔄 Normalisation des valeurs manquantes : 7080 cellules NaN remplacées par vide
2025-11-09 19:17:16,676 | INFO | ✔️ Nettoyage et typage terminés sans suffixe .0 pour les entiers.
2025-11-09 19:19:46,878 | INFO | Lecture : data_clean/coop_producteurs_cols_normalized.csv
2025-11-09 19:19:46,947 | INFO | → Normalisation des valeurs manquantes : OK
2025-11-09 19:19:46,950 | INFO | → Trim texte : cooperative
2025-11-09 19:19:46,950 | INFO | → Trim texte : code_producteur
2025-11-09 19:19:46,951 | INFO | → Trim texte : ville
2025-11-09 19:19:46,952 | INFO | → Trim texte : nom_coach
2025-11-09 19:19:46,953 | INFO | → Trim texte : type_matricule
2025-11-09 19:19:46,954 | INFO | → Trim texte : genre
2025-11-09 19:19:46,957 | INFO | → Colonne réelle (float64) : superficie_totale_exploitation_ha
2025-11-09 19:19:46,960 | INFO | → Colonne réelle (float64) : superficie_totale_cacao_ha
2025-11-09 19:19:46,964 | INFO | → Colonne entière (Int64) : numero_ordre
2025-11-09 19:19:46,968 | INFO | → Colonne entière (Int64) : annee_naissance
2025-11-09 19:19:46,972 | INFO | → Colonne entière (Int64) : nb_plantations_cacao
2025-11-09 19:19:46,973 | INFO | → Colonne entière (Int64) : taille_menage
2025-11-09 19:19:46,977 | INFO | → Colonne entière (Int64) : estimation_totale_kg
2025-11-09 19:19:46,981 | INFO | → Colonne entière (Int64) : recolte_24_25_kg
2025-11-09 19:19:46,985 | INFO | → Colonne entière (Int64) : volume_livre_coop_24_25_kg
2025-11-09 19:19:46,986 | INFO | → Colonne entière (Int64) : recolte_23_24_kg
2025-11-09 19:19:46,987 | INFO | → Colonne entière (Int64) : volume_livre_coop_23_24_kg
2025-11-09 19:19:46,987 | INFO | Type final - numero_ordre: Int64
2025-11-09 19:19:46,987 | INFO | Type final - cooperative: object
2025-11-09 19:19:46,987 | INFO | Type final - codes_certification: object
2025-11-09 19:19:46,987 | INFO | Type final - code_producteur: object
2025-11-09 19:19:46,987 | INFO | Type final - autres_codes: float64
2025-11-09 19:19:46,987 | INFO | Type final - annee_naissance: Int64
2025-11-09 19:19:46,987 | INFO | Type final - date_adhesion: float64
2025-11-09 19:19:46,987 | INFO | Type final - genre: object
2025-11-09 19:19:46,987 | INFO | Type final - superficie_totale_exploitation_ha: float64
2025-11-09 19:19:46,987 | INFO | Type final - superficie_totale_cacao_ha: float64
2025-11-09 19:19:46,987 | INFO | Type final - nb_plantations_cacao: Int64
2025-11-09 19:19:46,987 | INFO | Type final - estimation_totale_kg: Int64
2025-11-09 19:19:46,988 | INFO | Type final - ville: object
2025-11-09 19:19:46,988 | INFO | Type final - nom_coach: object
2025-11-09 19:19:46,988 | INFO | Type final - numero_matricule: float64
2025-11-09 19:19:46,988 | INFO | Type final - type_matricule: object
2025-11-09 19:19:46,988 | INFO | Type final - taille_menage: Int64
2025-11-09 19:19:46,988 | INFO | Type final - recolte_24_25_kg: Int64
2025-11-09 19:19:46,988 | INFO | Type final - volume_livre_coop_24_25_kg: Int64
2025-11-09 19:19:46,988 | INFO | Type final - recolte_23_24_kg: Int64
2025-11-09 19:19:46,988 | INFO | Type final - volume_livre_coop_23_24_kg: Int64
2025-11-09 19:19:46,990 | INFO | 🧪 Diagnostic NA → outputs/script_3/na_coop_producteurs_clean.csv
2025-11-09 19:19:46,991 | INFO | 🔄 Normalisation des valeurs manquantes : 21505 cellules NaN remplacées par vide
2025-11-09 19:19:47,008 | INFO | Lecture : data_clean/coop_plantations_cols_normalized.csv
2025-11-09 19:19:47,054 | INFO | → Normalisation des valeurs manquantes : OK
2025-11-09 19:19:47,054 | INFO | → Trim texte : cooperative
2025-11-09 19:19:47,055 | INFO | → Trim texte : code_plantation
2025-11-09 19:19:47,055 | INFO | → Trim texte : code_producteur
2025-11-09 19:19:47,055 | INFO | → Trim texte : variete_cacao
2025-11-09 19:19:47,056 | INFO | → Trim texte : gerant
2025-11-09 19:19:47,057 | INFO | → Trim texte : donnees_polygonales
2025-11-09 19:19:47,060 | INFO | → Colonne réelle (float64) : superficie_cacao_ha
2025-11-09 19:19:47,064 | INFO | → Colonne réelle (float64) : rendement_kg_ha
2025-11-09 19:19:47,067 | INFO | → Colonne réelle (float64) : latitude
2025-11-09 19:19:47,071 | INFO | → Colonne réelle (float64) : longitude
2025-11-09 19:19:47,074 | INFO | → Colonne entière (Int64) : numero_ordre
2025-11-09 19:19:47,078 | INFO | → Colonne entière (Int64) : estimation_kg
2025-11-09 19:19:47,078 | INFO | Type final - numero_ordre: Int64
2025-11-09 19:19:47,078 | INFO | Type final - cooperative: object
2025-11-09 19:19:47,078 | INFO | Type final - code_plantation: object
2025-11-09 19:19:47,078 | INFO | Type final - code_producteur: object
2025-11-09 19:19:47,078 | INFO | Type final - autres_codes: float64
2025-11-09 19:19:47,078 | INFO | Type final - superficie_cacao_ha: float64
2025-11-09 19:19:47,078 | INFO | Type final - rendement_kg_ha: float64
2025-11-09 19:19:47,079 | INFO | Type final - estimation_kg: Int64
2025-11-09 19:19:47,079 | INFO | Type final - variete_cacao: object
2025-11-09 19:19:47,079 | INFO | Type final - gerant: object
2025-11-09 19:19:47,079 | INFO | Type final - nom_gerant: float64
2025-11-09 19:19:47,079 | INFO | Type final - latitude: float64
2025-11-09 19:19:47,079 | INFO | Type final - longitude: float64
2025-11-09 19:19:47,079 | INFO | Type final - donnees_polygonales: object
2025-11-09 19:19:47,080 | INFO | 🧪 Diagnostic NA → outputs/script_3/na_coop_plantations_clean.csv
2025-11-09 19:19:47,081 | INFO | 🔄 Normalisation des valeurs manquantes : 7080 cellules NaN remplacées par vide
2025-11-09 19:19:47,097 | INFO | ✔️ Nettoyage et typage terminés sans suffixe .0 pour les entiers.
2025-11-09 19:20:44,234 | INFO | Lecture : data_clean/coop_producteurs_cols_normalized.csv
2025-11-09 19:20:44,303 | INFO | → Normalisation des valeurs manquantes : OK
2025-11-09 19:20:44,304 | INFO | → Trim texte : cooperative
2025-11-09 19:20:44,305 | INFO | → Trim texte : code_producteur
2025-11-09 19:20:44,305 | INFO | → Trim texte : ville
2025-11-09 19:20:44,306 | INFO | → Trim texte : nom_coach
2025-11-09 19:20:44,308 | INFO | → Trim texte : type_matricule
2025-11-09 19:20:44,308 | INFO | → Trim texte : genre
2025-11-09 19:20:44,311 | INFO | → Colonne réelle (float64) : superficie_totale_exploitation_ha
2025-11-09 19:20:44,315 | INFO | → Colonne réelle (float64) : superficie_totale_cacao_ha
2025-11-09 19:20:44,319 | INFO | → Colonne entière (Int64) : numero_ordre
2025-11-09 19:20:44,323 | INFO | → Colonne entière (Int64) : annee_naissance
2025-11-09 19:20:44,327 | INFO | → Colonne entière (Int64) : nb_plantations_cacao
2025-11-09 19:20:44,328 | INFO | → Colonne entière (Int64) : taille_menage
2025-11-09 19:20:44,332 | INFO | → Colonne entière (Int64) : estimation_totale_kg
2025-11-09 19:20:44,336 | INFO | → Colonne entière (Int64) : recolte_24_25_kg
2025-11-09 19:20:44,340 | INFO | → Colonne entière (Int64) : volume_livre_coop_24_25_kg
2025-11-09 19:20:44,341 | INFO | → Colonne entière (Int64) : recolte_23_24_kg
2025-11-09 19:20:44,342 | INFO | → Colonne entière (Int64) : volume_livre_coop_23_24_kg
2025-11-09 19:20:44,342 | INFO | Type final - numero_ordre: Int64
2025-11-09 19:20:44,342 | INFO | Type final - cooperative: object
2025-11-09 19:20:44,342 | INFO | Type final - codes_certification: object
2025-11-09 19:20:44,342 | INFO | Type final - code_producteur: object
2025-11-09 19:20:44,342 | INFO | Type final - autres_codes: float64
2025-11-09 19:20:44,342 | INFO | Type final - annee_naissance: Int64
2025-11-09 19:20:44,342 | INFO | Type final - date_adhesion: float64
2025-11-09 19:20:44,342 | INFO | Type final - genre: object
2025-11-09 19:20:44,342 | INFO | Type final - superficie_totale_exploitation_ha: float64
2025-11-09 19:20:44,342 | INFO | Type final - superficie_totale_cacao_ha: float64
2025-11-09 19:20:44,342 | INFO | Type final - nb_plantations_cacao: Int64
2025-11-09 19:20:44,342 | INFO | Type final - estimation_totale_kg: Int64
2025-11-09 19:20:44,342 | INFO | Type final - ville: object
2025-11-09 19:20:44,342 | INFO | Type final - nom_coach: object
2025-11-09 19:20:44,342 | INFO | Type final - numero_matricule: float64
2025-11-09 19:20:44,342 | INFO | Type final - type_matricule: object
2025-11-09 19:20:44,342 | INFO | Type final - taille_menage: Int64
2025-11-09 19:20:44,342 | INFO | Type final - recolte_24_25_kg: Int64
2025-11-09 19:20:44,342 | INFO | Type final - volume_livre_coop_24_25_kg: Int64
2025-11-09 19:20:44,342 | INFO | Type final - recolte_23_24_kg: Int64
2025-11-09 19:20:44,343 | INFO | Type final - volume_livre_coop_23_24_kg: Int64
2025-11-09 19:20:44,344 | INFO | 🧪 Diagnostic NA → outputs/script_3/na_coop_producteurs_clean.csv
2025-11-09 19:20:44,345 | INFO | 🔄 Normalisation des valeurs manquantes : 21505 cellules NaN remplacées par vide
2025-11-09 19:20:44,362 | INFO | Lecture : data_clean/coop_plantations_cols_normalized.csv
2025-11-09 19:20:44,406 | INFO | → Normalisation des valeurs manquantes : OK
2025-11-09 19:20:44,407 | INFO | → Trim texte : cooperative
2025-11-09 19:20:44,407 | INFO | → Trim texte : code_plantation
2025-11-09 19:20:44,408 | INFO | → Trim texte : code_producteur
2025-11-09 19:20:44,408 | INFO | → Trim texte : variete_cacao
2025-11-09 19:20:44,408 | INFO | → Trim texte : gerant
2025-11-09 19:20:44,410 | INFO | → Trim texte : donnees_polygonales
2025-11-09 19:20:44,413 | INFO | → Colonne réelle (float64) : superficie_cacao_ha
2025-11-09 19:20:44,417 | INFO | → Colonne réelle (float64) : rendement_kg_ha
2025-11-09 19:20:44,420 | INFO | → Colonne réelle (float64) : latitude
2025-11-09 19:20:44,423 | INFO | → Colonne réelle (float64) : longitude
2025-11-09 19:20:44,427 | INFO | → Colonne entière (Int64) : numero_ordre
2025-11-09 19:20:44,431 | INFO | → Colonne entière (Int64) : estimation_kg
2025-11-09 19:20:44,431 | INFO | Type final - numero_ordre: Int64
2025-11-09 19:20:44,431 | INFO | Type final - cooperative: object
2025-11-09 19:20:44,431 | INFO | Type final - code_plantation: object
2025-11-09 19:20:44,431 | INFO | Type final - code_producteur: object
2025-11-09 19:20:44,431 | INFO | Type final - autres_codes: float64
2025-11-09 19:20:44,431 | INFO | Type final - superficie_cacao_ha: float64
2025-11-09 19:20:44,431 | INFO | Type final - rendement_kg_ha: float64
2025-11-09 19:20:44,431 | INFO | Type final - estimation_kg: Int64
2025-11-09 19:20:44,431 | INFO | Type final - variete_cacao: object
2025-11-09 19:20:44,431 | INFO | Type final - gerant: object
2025-11-09 19:20:44,431 | INFO | Type final - nom_gerant: float64
2025-11-09 19:20:44,431 | INFO | Type final - latitude: float64
2025-11-09 19:20:44,431 | INFO | Type final - longitude: float64
2025-11-09 19:20:44,431 | INFO | Type final - donnees_polygonales: object
2025-11-09 19:20:44,433 | INFO | 🧪 Diagnostic NA → outputs/script_3/na_coop_plantations_clean.csv
2025-11-09 19:20:44,433 | INFO | 🔄 Normalisation des valeurs manquantes : 7080 cellules NaN remplacées par vide
2025-11-09 19:20:44,449 | INFO | ✔️ Nettoyage et typage terminés sans suffixe .0 pour les entiers.
2025-11-09 19:24:15,717 | INFO | Lecture : data_clean/coop_producteurs_cols_normalized.csv
2025-11-09 19:24:15,788 | INFO | → Normalisation des valeurs manquantes : OK
2025-11-09 19:24:15,790 | INFO | → Trim texte : cooperative
2025-11-09 19:24:15,791 | INFO | → Trim texte : code_producteur
2025-11-09 19:24:15,791 | INFO | → Trim texte : ville
2025-11-09 19:24:15,793 | INFO | → Trim texte : nom_coach
2025-11-09 19:24:15,794 | INFO | → Trim texte : type_matricule
2025-11-09 19:24:15,794 | INFO | → Trim texte : genre
2025-11-09 19:24:15,798 | INFO | → Colonne réelle (float64) : superficie_totale_exploitation_ha
2025-11-09 19:24:15,801 | INFO | → Colonne réelle (float64) : superficie_totale_cacao_ha
2025-11-09 19:24:15,805 | INFO | → Colonne entière (Int64) : numero_ordre
2025-11-09 19:24:15,809 | INFO | → Colonne entière (Int64) : annee_naissance
2025-11-09 19:24:15,812 | INFO | → Colonne entière (Int64) : nb_plantations_cacao
2025-11-09 19:24:15,814 | INFO | → Colonne entière (Int64) : taille_menage
2025-11-09 19:24:15,817 | INFO | → Colonne entière (Int64) : estimation_totale_kg
2025-11-09 19:24:15,821 | INFO | → Colonne entière (Int64) : recolte_24_25_kg
2025-11-09 19:24:15,825 | INFO | → Colonne entière (Int64) : volume_livre_coop_24_25_kg
2025-11-09 19:24:15,826 | INFO | → Colonne entière (Int64) : recolte_23_24_kg
2025-11-09 19:24:15,828 | INFO | → Colonne entière (Int64) : volume_livre_coop_23_24_kg
2025-11-09 19:24:15,828 | INFO | Type final - numero_ordre: Int64
2025-11-09 19:24:15,828 | INFO | Type final - cooperative: object
2025-11-09 19:24:15,828 | INFO | Type final - codes_certification: object
2025-11-09 19:24:15,828 | INFO | Type final - code_producteur: object
2025-11-09 19:24:15,828 | INFO | Type final - autres_codes: float64
2025-11-09 19:24:15,828 | INFO | Type final - annee_naissance: Int64
2025-11-09 19:24:15,828 | INFO | Type final - date_adhesion: float64
2025-11-09 19:24:15,828 | INFO | Type final - genre: object
2025-11-09 19:24:15,828 | INFO | Type final - superficie_totale_exploitation_ha: float64
2025-11-09 19:24:15,828 | INFO | Type final - superficie_totale_cacao_ha: float64
2025-11-09 19:24:15,828 | INFO | Type final - nb_plantations_cacao: Int64
2025-11-09 19:24:15,828 | INFO | Type final - estimation_totale_kg: Int64
2025-11-09 19:24:15,828 | INFO | Type final - ville: object
2025-11-09 19:24:15,828 | INFO | Type final - nom_coach: object
2025-11-09 19:24:15,828 | INFO | Type final - numero_matricule: float64
2025-11-09 19:24:15,828 | INFO | Type final - type_matricule: object
2025-11-09 19:24:15,828 | INFO | Type final - taille_menage: Int64
2025-11-09 19:24:15,828 | INFO | Type final - recolte_24_25_kg: Int64
2025-11-09 19:24:15,828 | INFO | Type final - volume_livre_coop_24_25_kg: Int64
2025-11-09 19:24:15,828 | INFO | Type final - recolte_23_24_kg: Int64
2025-11-09 19:24:15,828 | INFO | Type final - volume_livre_coop_23_24_kg: Int64
2025-11-09 19:24:15,830 | INFO | 🧪 Diagnostic NA → outputs/script_3/na_coop_producteurs_clean.csv
2025-11-09 19:24:15,831 | INFO | 🔄 Normalisation des valeurs manquantes : 21505 cellules NaN remplacées par vide
2025-11-09 19:24:15,849 | INFO | Lecture : data_clean/coop_plantations_cols_normalized.csv
2025-11-09 19:24:15,895 | INFO | → Normalisation des valeurs manquantes : OK
2025-11-09 19:24:15,896 | INFO | → Trim texte : cooperative
2025-11-09 19:24:15,896 | INFO | → Trim texte : code_plantation
2025-11-09 19:24:15,896 | INFO | → Trim texte : code_producteur
2025-11-09 19:24:15,897 | INFO | → Trim texte : variete_cacao
2025-11-09 19:24:15,897 | INFO | → Trim texte : gerant
2025-11-09 19:24:15,899 | INFO | → Trim texte : donnees_polygonales
2025-11-09 19:24:15,902 | INFO | → Colonne réelle (float64) : superficie_cacao_ha
2025-11-09 19:24:15,905 | INFO | → Colonne réelle (float64) : rendement_kg_ha
2025-11-09 19:24:15,909 | INFO | → Colonne réelle (float64) : latitude
2025-11-09 19:24:15,912 | INFO | → Colonne réelle (float64) : longitude
2025-11-09 19:24:15,916 | INFO | → Colonne entière (Int64) : numero_ordre
2025-11-09 19:24:15,920 | INFO | → Colonne entière (Int64) : estimation_kg
2025-11-09 19:24:15,920 | INFO | Type final - numero_ordre: Int64
2025-11-09 19:24:15,921 | INFO | Type final - cooperative: object
2025-11-09 19:24:15,921 | INFO | Type final - code_plantation: object
2025-11-09 19:24:15,921 | INFO | Type final - code_producteur: object
2025-11-09 19:24:15,921 | INFO | Type final - autres_codes: float64
2025-11-09 19:24:15,921 | INFO | Type final - superficie_cacao_ha: float64
2025-11-09 19:24:15,921 | INFO | Type final - rendement_kg_ha: float64
2025-11-09 19:24:15,921 | INFO | Type final - estimation_kg: Int64
2025-11-09 19:24:15,921 | INFO | Type final - variete_cacao: object
2025-11-09 19:24:15,921 | INFO | Type final - gerant: object
2025-11-09 19:24:15,921 | INFO | Type final - nom_gerant: float64
2025-11-09 19:24:15,921 | INFO | Type final - latitude: float64
2025-11-09 19:24:15,921 | INFO | Type final - longitude: float64
2025-11-09 19:24:15,921 | INFO | Type final - donnees_polygonales: object
2025-11-09 19:24:15,922 | INFO | 🧪 Diagnostic NA → outputs/script_3/na_coop_plantations_clean.csv
2025-11-09 19:24:15,923 | INFO | 🔄 Normalisation des valeurs manquantes : 7080 cellules NaN remplacées par vide
2025-11-09 19:24:15,940 | INFO | ✔️ Nettoyage et typage terminés sans suffixe .0 pour les entiers.
2025-11-09 19:39:43,564 | INFO | Lecture : data_clean/coop_producteurs_cols_normalized.csv
2025-11-09 19:39:43,635 | INFO | → Normalisation des valeurs manquantes : OK
2025-11-09 19:39:43,638 | INFO | → Trim texte : cooperative
2025-11-09 19:39:43,639 | INFO | → Trim texte : code_producteur
2025-11-09 19:39:43,639 | INFO | → Trim texte : ville
2025-11-09 19:39:43,641 | INFO | → Trim texte : nom_coach
2025-11-09 19:39:43,642 | INFO | → Trim texte : type_matricule
2025-11-09 19:39:43,642 | INFO | → Trim texte : genre
2025-11-09 19:39:43,646 | INFO | → Colonne réelle (float64) : superficie_totale_exploitation_ha
2025-11-09 19:39:43,649 | INFO | → Colonne réelle (float64) : superficie_totale_cacao_ha
2025-11-09 19:39:43,654 | INFO | → Colonne entière (Int64) : numero_ordre
2025-11-09 19:39:43,658 | INFO | → Colonne entière (Int64) : annee_naissance
2025-11-09 19:39:43,662 | INFO | → Colonne entière (Int64) : nb_plantations_cacao
2025-11-09 19:39:43,664 | INFO | → Colonne entière (Int64) : taille_menage
2025-11-09 19:39:43,668 | INFO | → Colonne entière (Int64) : estimation_totale_kg
2025-11-09 19:39:43,672 | INFO | → Colonne entière (Int64) : recolte_24_25_kg
2025-11-09 19:39:43,676 | INFO | → Colonne entière (Int64) : volume_livre_coop_24_25_kg
2025-11-09 19:39:43,677 | INFO | → Colonne entière (Int64) : recolte_23_24_kg
2025-11-09 19:39:43,679 | INFO | → Colonne entière (Int64) : volume_livre_coop_23_24_kg
2025-11-09 19:39:43,679 | INFO | Type final - numero_ordre: Int64
2025-11-09 19:39:43,679 | INFO | Type final - cooperative: object
2025-11-09 19:39:43,679 | INFO | Type final - codes_certification: object
2025-11-09 19:39:43,679 | INFO | Type final - code_producteur: object
2025-11-09 19:39:43,679 | INFO | Type final - autres_codes: float64
2025-11-09 19:39:43,679 | INFO | Type final - annee_naissance: Int64
2025-11-09 19:39:43,679 | INFO | Type final - date_adhesion: float64
2025-11-09 19:39:43,679 | INFO | Type final - genre: object
2025-11-09 19:39:43,679 | INFO | Type final - superficie_totale_exploitation_ha: float64
2025-11-09 19:39:43,679 | INFO | Type final - superficie_totale_cacao_ha: float64
2025-11-09 19:39:43,679 | INFO | Type final - nb_plantations_cacao: Int64
2025-11-09 19:39:43,679 | INFO | Type final - estimation_totale_kg: Int64
2025-11-09 19:39:43,679 | INFO | Type final - ville: object
2025-11-09 19:39:43,679 | INFO | Type final - nom_coach: object
2025-11-09 19:39:43,679 | INFO | Type final - numero_matricule: float64
2025-11-09 19:39:43,679 | INFO | Type final - type_matricule: object
2025-11-09 19:39:43,679 | INFO | Type final - taille_menage: Int64
2025-11-09 19:39:43,680 | INFO | Type final - recolte_24_25_kg: Int64
2025-11-09 19:39:43,680 | INFO | Type final - volume_livre_coop_24_25_kg: Int64
2025-11-09 19:39:43,680 | INFO | Type final - recolte_23_24_kg: Int64
2025-11-09 19:39:43,680 | INFO | Type final - volume_livre_coop_23_24_kg: Int64
2025-11-09 19:39:43,682 | INFO | 🧪 Diagnostic NA → outputs/script_3/na_coop_producteurs_clean.csv
2025-11-09 19:39:43,683 | INFO | 🔄 Normalisation des valeurs manquantes : 21505 cellules NaN remplacées par vide
2025-11-09 19:39:43,701 | INFO | Lecture : data_clean/coop_plantations_cols_normalized.csv
2025-11-09 19:39:43,747 | INFO | → Normalisation des valeurs manquantes : OK
2025-11-09 19:39:43,747 | INFO | → Trim texte : cooperative
2025-11-09 19:39:43,748 | INFO | → Trim texte : code_plantation
2025-11-09 19:39:43,748 | INFO | → Trim texte : code_producteur
2025-11-09 19:39:43,749 | INFO | → Trim texte : variete_cacao
2025-11-09 19:39:43,749 | INFO | → Trim texte : gerant
2025-11-09 19:39:43,750 | INFO | → Trim texte : donnees_polygonales
2025-11-09 19:39:43,754 | INFO | → Colonne réelle (float64) : superficie_cacao_ha
2025-11-09 19:39:43,757 | INFO | → Colonne réelle (float64) : rendement_kg_ha
2025-11-09 19:39:43,760 | INFO | → Colonne réelle (float64) : latitude
2025-11-09 19:39:43,764 | INFO | → Colonne réelle (float64) : longitude
2025-11-09 19:39:43,768 | INFO | → Colonne entière (Int64) : numero_ordre
2025-11-09 19:39:43,772 | INFO | → Colonne entière (Int64) : estimation_kg
2025-11-09 19:39:43,772 | INFO | Type final - numero_ordre: Int64
2025-11-09 19:39:43,772 | INFO | Type final - cooperative: object
2025-11-09 19:39:43,772 | INFO | Type final - code_plantation: object
2025-11-09 19:39:43,772 | INFO | Type final - code_producteur: object
2025-11-09 19:39:43,772 | INFO | Type final - autres_codes: float64
2025-11-09 19:39:43,772 | INFO | Type final - superficie_cacao_ha: float64
2025-11-09 19:39:43,772 | INFO | Type final - rendement_kg_ha: float64
2025-11-09 19:39:43,772 | INFO | Type final - estimation_kg: Int64
2025-11-09 19:39:43,772 | INFO | Type final - variete_cacao: object
2025-11-09 19:39:43,772 | INFO | Type final - gerant: object
2025-11-09 19:39:43,772 | INFO | Type final - nom_gerant: float64
2025-11-09 19:39:43,772 | INFO | Type final - latitude: float64
2025-11-09 19:39:43,772 | INFO | Type final - longitude: float64
2025-11-09 19:39:43,772 | INFO | Type final - donnees_polygonales: object
2025-11-09 19:39:43,773 | INFO | 🧪 Diagnostic NA → outputs/script_3/na_coop_plantations_clean.csv
2025-11-09 19:39:43,774 | INFO | 🔄 Normalisation des valeurs manquantes : 7080 cellules NaN remplacées par vide
2025-11-09 19:39:43,790 | INFO | ✔️ Nettoyage et typage terminés sans suffixe .0 pour les entiers.
2025-11-09 19:52:14,244 | INFO | Lecture : data_clean/coop_producteurs_cols_normalized.csv
2025-11-09 19:52:14,314 | INFO | → Normalisation des valeurs manquantes : OK
2025-11-09 19:52:14,316 | INFO | → Trim texte : cooperative
2025-11-09 19:52:14,316 | INFO | → Trim texte : code_producteur
2025-11-09 19:52:14,317 | INFO | → Trim texte : ville
2025-11-09 19:52:14,318 | INFO | → Trim texte : nom_coach
2025-11-09 19:52:14,320 | INFO | → Trim texte : type_matricule
2025-11-09 19:52:14,320 | INFO | → Trim texte : genre
2025-11-09 19:52:14,324 | INFO | → Colonne réelle (float64) : superficie_totale_exploitation_ha
2025-11-09 19:52:14,327 | INFO | → Colonne réelle (float64) : superficie_totale_cacao_ha
2025-11-09 19:52:14,331 | INFO | → Colonne entière (Int64) : numero_ordre
2025-11-09 19:52:14,336 | INFO | → Colonne entière (Int64) : annee_naissance
2025-11-09 19:52:14,339 | INFO | → Colonne entière (Int64) : nb_plantations_cacao
2025-11-09 19:52:14,340 | INFO | → Colonne entière (Int64) : taille_menage
2025-11-09 19:52:14,344 | INFO | → Colonne entière (Int64) : estimation_totale_kg
2025-11-09 19:52:14,348 | INFO | → Colonne entière (Int64) : recolte_24_25_kg
2025-11-09 19:52:14,351 | INFO | → Colonne entière (Int64) : volume_livre_coop_24_25_kg
2025-11-09 19:52:14,353 | INFO | → Colonne entière (Int64) : recolte_23_24_kg
2025-11-09 19:52:14,354 | INFO | → Colonne entière (Int64) : volume_livre_coop_23_24_kg
2025-11-09 19:52:14,354 | INFO | Type final - numero_ordre: Int64
2025-11-09 19:52:14,354 | INFO | Type final - cooperative: object
2025-11-09 19:52:14,354 | INFO | Type final - codes_certification: object
2025-11-09 19:52:14,354 | INFO | Type final - code_producteur: object
2025-11-09 19:52:14,354 | INFO | Type final - autres_codes: float64
2025-11-09 19:52:14,354 | INFO | Type final - annee_naissance: Int64
2025-11-09 19:52:14,354 | INFO | Type final - date_adhesion: float64
2025-11-09 19:52:14,354 | INFO | Type final - genre: object
2025-11-09 19:52:14,354 | INFO | Type final - superficie_totale_exploitation_ha: float64
2025-11-09 19:52:14,354 | INFO | Type final - superficie_totale_cacao_ha: float64
2025-11-09 19:52:14,354 | INFO | Type final - nb_plantations_cacao: Int64
2025-11-09 19:52:14,354 | INFO | Type final - estimation_totale_kg: Int64
2025-11-09 19:52:14,354 | INFO | Type final - ville: object
2025-11-09 19:52:14,354 | INFO | Type final - nom_coach: object
2025-11-09 19:52:14,354 | INFO | Type final - numero_matricule: float64
2025-11-09 19:52:14,354 | INFO | Type final - type_matricule: object
2025-11-09 19:52:14,354 | INFO | Type final - taille_menage: Int64
2025-11-09 19:52:14,354 | INFO | Type final - recolte_24_25_kg: Int64
2025-11-09 19:52:14,354 | INFO | Type final - volume_livre_coop_24_25_kg: Int64
2025-11-09 19:52:14,354 | INFO | Type final - recolte_23_24_kg: Int64
2025-11-09 19:52:14,354 | INFO | Type final - volume_livre_coop_23_24_kg: Int64
2025-11-09 19:52:14,356 | INFO | 🧪 Diagnostic NA → outputs/script_3/na_coop_producteurs_clean.csv
2025-11-09 19:52:14,357 | INFO | 🔄 Normalisation des valeurs manquantes : 21505 cellules NaN remplacées par vide
2025-11-09 19:52:14,375 | INFO | Lecture : data_clean/coop_plantations_cols_normalized.csv
2025-11-09 19:52:14,422 | INFO | → Normalisation des valeurs manquantes : OK
2025-11-09 19:52:14,423 | INFO | → Trim texte : cooperative
2025-11-09 19:52:14,423 | INFO | → Trim texte : code_plantation
2025-11-09 19:52:14,423 | INFO | → Trim texte : code_producteur
2025-11-09 19:52:14,424 | INFO | → Trim texte : variete_cacao
2025-11-09 19:52:14,424 | INFO | → Trim texte : gerant
2025-11-09 19:52:14,426 | INFO | → Trim texte : donnees_polygonales
2025-11-09 19:52:14,429 | INFO | → Colonne réelle (float64) : superficie_cacao_ha
2025-11-09 19:52:14,432 | INFO | → Colonne réelle (float64) : rendement_kg_ha
2025-11-09 19:52:14,436 | INFO | → Colonne réelle (float64) : latitude
2025-11-09 19:52:14,439 | INFO | → Colonne réelle (float64) : longitude
2025-11-09 19:52:14,443 | INFO | → Colonne entière (Int64) : numero_ordre
2025-11-09 19:52:14,447 | INFO | → Colonne entière (Int64) : estimation_kg
2025-11-09 19:52:14,447 | INFO | Type final - numero_ordre: Int64
2025-11-09 19:52:14,447 | INFO | Type final - cooperative: object
2025-11-09 19:52:14,447 | INFO | Type final - code_plantation: object
2025-11-09 19:52:14,447 | INFO | Type final - code_producteur: object
2025-11-09 19:52:14,447 | INFO | Type final - autres_codes: float64
2025-11-09 19:52:14,447 | INFO | Type final - superficie_cacao_ha: float64
2025-11-09 19:52:14,447 | INFO | Type final - rendement_kg_ha: float64
2025-11-09 19:52:14,447 | INFO | Type final - estimation_kg: Int64
2025-11-09 19:52:14,447 | INFO | Type final - variete_cacao: object
2025-11-09 19:52:14,447 | INFO | Type final - gerant: object
2025-11-09 19:52:14,447 | INFO | Type final - nom_gerant: float64
2025-11-09 19:52:14,447 | INFO | Type final - latitude: float64
2025-11-09 19:52:14,447 | INFO | Type final - longitude: float64
2025-11-09 19:52:14,447 | INFO | Type final - donnees_polygonales: object
2025-11-09 19:52:14,448 | INFO | 🧪 Diagnostic NA → outputs/script_3/na_coop_plantations_clean.csv
2025-11-09 19:52:14,449 | INFO | 🔄 Normalisation des valeurs manquantes : 7080 cellules NaN remplacées par vide
2025-11-09 19:52:14,465 | INFO | ✔️ Nettoyage et typage terminés sans suffixe .0 pour les entiers.
2025-11-09 23:56:14,582 | INFO | Lecture : data_clean/coop_producteurs_cols_normalized.csv
2025-11-09 23:56:14,653 | INFO | → Normalisation des valeurs manquantes : OK
2025-11-09 23:56:14,656 | INFO | → Trim texte : cooperative
2025-11-09 23:56:14,657 | INFO | → Trim texte : code_producteur
2025-11-09 23:56:14,657 | INFO | → Trim texte : ville
2025-11-09 23:56:14,659 | INFO | → Trim texte : nom_coach
2025-11-09 23:56:14,660 | INFO | → Trim texte : type_matricule
2025-11-09 23:56:14,660 | INFO | → Trim texte : genre
2025-11-09 23:56:14,664 | INFO | → Colonne réelle (float64) : superficie_totale_exploitation_ha
2025-11-09 23:56:14,667 | INFO | → Colonne réelle (float64) : superficie_totale_cacao_ha
2025-11-09 23:56:14,672 | INFO | → Colonne entière (Int64) : numero_ordre
2025-11-09 23:56:14,676 | INFO | → Colonne entière (Int64) : annee_naissance
2025-11-09 23:56:14,680 | INFO | → Colonne entière (Int64) : nb_plantations_cacao
2025-11-09 23:56:14,681 | INFO | → Colonne entière (Int64) : taille_menage
2025-11-09 23:56:14,685 | INFO | → Colonne entière (Int64) : estimation_totale_kg
2025-11-09 23:56:14,689 | INFO | → Colonne entière (Int64) : recolte_24_25_kg
2025-11-09 23:56:14,693 | INFO | → Colonne entière (Int64) : volume_livre_coop_24_25_kg
2025-11-09 23:56:14,695 | INFO | → Colonne entière (Int64) : recolte_23_24_kg
2025-11-09 23:56:14,696 | INFO | → Colonne entière (Int64) : volume_livre_coop_23_24_kg
2025-11-09 23:56:14,696 | INFO | Type final - numero_ordre: Int64
2025-11-09 23:56:14,696 | INFO | Type final - cooperative: object
2025-11-09 23:56:14,696 | INFO | Type final - codes_certification: object
2025-11-09 23:56:14,696 | INFO | Type final - code_producteur: object
2025-11-09 23:56:14,696 | INFO | Type final - autres_codes: float64
2025-11-09 23:56:14,696 | INFO | Type final - annee_naissance: Int64
2025-11-09 23:56:14,696 | INFO | Type final - date_adhesion: float64
2025-11-09 23:56:14,696 | INFO | Type final - genre: object
2025-11-09 23:56:14,696 | INFO | Type final - superficie_totale_exploitation_ha: float64
2025-11-09 23:56:14,696 | INFO | Type final - superficie_totale_cacao_ha: float64
2025-11-09 23:56:14,696 | INFO | Type final - nb_plantations_cacao: Int64
2025-11-09 23:56:14,696 | INFO | Type final - estimation_totale_kg: Int64
2025-11-09 23:56:14,696 | INFO | Type final - ville: object
2025-11-09 23:56:14,696 | INFO | Type final - nom_coach: object
2025-11-09 23:56:14,696 | INFO | Type final - numero_matricule: float64
2025-11-09 23:56:14,696 | INFO | Type final - type_matricule: object
2025-11-09 23:56:14,697 | INFO | Type final - taille_menage: Int64
2025-11-09 23:56:14,697 | INFO | Type final - recolte_24_25_kg: Int64
2025-11-09 23:56:14,697 | INFO | Type final - volume_livre_coop_24_25_kg: Int64
2025-11-09 23:56:14,697 | INFO | Type final - recolte_23_24_kg: Int64
2025-11-09 23:56:14,697 | INFO | Type final - volume_livre_coop_23_24_kg: Int64
2025-11-09 23:56:14,702 | INFO | 🧪 Diagnostic NA → outputs/script_3/na_coop_producteurs_clean.csv
2025-11-09 23:56:14,703 | INFO | 🔄 Normalisation des valeurs manquantes : 21505 cellules NaN remplacées par vide
2025-11-09 23:56:14,722 | INFO | Lecture : data_clean/coop_plantations_cols_normalized.csv
2025-11-09 23:56:14,767 | INFO | → Normalisation des valeurs manquantes : OK
2025-11-09 23:56:14,768 | INFO | → Trim texte : cooperative
2025-11-09 23:56:14,768 | INFO | → Trim texte : code_plantation
2025-11-09 23:56:14,769 | INFO | → Trim texte : code_producteur
2025-11-09 23:56:14,769 | INFO | → Trim texte : variete_cacao
2025-11-09 23:56:14,769 | INFO | → Trim texte : gerant
2025-11-09 23:56:14,771 | INFO | → Trim texte : donnees_polygonales
2025-11-09 23:56:14,774 | INFO | → Colonne réelle (float64) : superficie_cacao_ha
2025-11-09 23:56:14,778 | INFO | → Colonne réelle (float64) : rendement_kg_ha
2025-11-09 23:56:14,781 | INFO | → Colonne réelle (float64) : latitude
2025-11-09 23:56:14,785 | INFO | → Colonne réelle (float64) : longitude
2025-11-09 23:56:14,789 | INFO | → Colonne entière (Int64) : numero_ordre
2025-11-09 23:56:14,793 | INFO | → Colonne entière (Int64) : estimation_kg
2025-11-09 23:56:14,793 | INFO | Type final - numero_ordre: Int64
2025-11-09 23:56:14,793 | INFO | Type final - cooperative: object
2025-11-09 23:56:14,793 | INFO | Type final - code_plantation: object
2025-11-09 23:56:14,793 | INFO | Type final - code_producteur: object
2025-11-09 23:56:14,793 | INFO | Type final - autres_codes: float64
2025-11-09 23:56:14,793 | INFO | Type final - superficie_cacao_ha: float64
2025-11-09 23:56:14,793 | INFO | Type final - rendement_kg_ha: float64
2025-11-09 23:56:14,793 | INFO | Type final - estimation_kg: Int64
2025-11-09 23:56:14,793 | INFO | Type final - variete_cacao: object
2025-11-09 23:56:14,793 | INFO | Type final - gerant: object
2025-11-09 23:56:14,793 | INFO | Type final - nom_gerant: float64
2025-11-09 23:56:14,793 | INFO | Type final - latitude: float64
2025-11-09 23:56:14,793 | INFO | Type final - longitude: float64
2025-11-09 23:56:14,793 | INFO | Type final - donnees_polygonales: object
2025-11-09 23:56:14,795 | INFO | 🧪 Diagnostic NA → outputs/script_3/na_coop_plantations_clean.csv
2025-11-09 23:56:14,795 | INFO | 🔄 Normalisation des valeurs manquantes : 7080 cellules NaN remplacées par vide
2025-11-09 23:56:14,812 | INFO | ✔️ Nettoyage et typage terminés sans suffixe .0 pour les entiers.
2025-11-10 00:31:15,216 | INFO | Lecture : data_clean/coop_producteurs_cols_normalized.csv
2025-11-10 00:31:15,288 | INFO | → Normalisation des valeurs manquantes : OK
2025-11-10 00:31:15,291 | INFO | → Trim texte : cooperative
2025-11-10 00:31:15,292 | INFO | → Trim texte : code_producteur
2025-11-10 00:31:15,292 | INFO | → Trim texte : ville
2025-11-10 00:31:15,294 | INFO | → Trim texte : nom_coach
2025-11-10 00:31:15,295 | INFO | → Trim texte : type_matricule
2025-11-10 00:31:15,296 | INFO | → Trim texte : genre
2025-11-10 00:31:15,300 | INFO | → Colonne réelle (float64) : superficie_totale_exploitation_ha
2025-11-10 00:31:15,303 | INFO | → Colonne réelle (float64) : superficie_totale_cacao_ha
2025-11-10 00:31:15,308 | INFO | → Colonne entière (Int64) : numero_ordre
2025-11-10 00:31:15,312 | INFO | → Colonne entière (Int64) : annee_naissance
2025-11-10 00:31:15,316 | INFO | → Colonne entière (Int64) : nb_plantations_cacao
2025-11-10 00:31:15,318 | INFO | → Colonne entière (Int64) : taille_menage
2025-11-10 00:31:15,322 | INFO | → Colonne entière (Int64) : estimation_totale_kg
2025-11-10 00:31:15,326 | INFO | → Colonne entière (Int64) : recolte_24_25_kg
2025-11-10 00:31:15,331 | INFO | → Colonne entière (Int64) : volume_livre_coop_24_25_kg
2025-11-10 00:31:15,332 | INFO | → Colonne entière (Int64) : recolte_23_24_kg
2025-11-10 00:31:15,334 | INFO | → Colonne entière (Int64) : volume_livre_coop_23_24_kg
2025-11-10 00:31:15,334 | INFO | Type final - numero_ordre: Int64
2025-11-10 00:31:15,334 | INFO | Type final - cooperative: object
2025-11-10 00:31:15,334 | INFO | Type final - codes_certification: object
2025-11-10 00:31:15,334 | INFO | Type final - code_producteur: object
2025-11-10 00:31:15,334 | INFO | Type final - autres_codes: float64
2025-11-10 00:31:15,334 | INFO | Type final - annee_naissance: Int64
2025-11-10 00:31:15,334 | INFO | Type final - date_adhesion: float64
2025-11-10 00:31:15,334 | INFO | Type final - genre: object
2025-11-10 00:31:15,334 | INFO | Type final - superficie_totale_exploitation_ha: float64
2025-11-10 00:31:15,334 | INFO | Type final - superficie_totale_cacao_ha: float64
2025-11-10 00:31:15,334 | INFO | Type final - nb_plantations_cacao: Int64
2025-11-10 00:31:15,334 | INFO | Type final - estimation_totale_kg: Int64
2025-11-10 00:31:15,334 | INFO | Type final - ville: object
2025-11-10 00:31:15,334 | INFO | Type final - nom_coach: object
2025-11-10 00:31:15,334 | INFO | Type final - numero_matricule: float64
2025-11-10 00:31:15,334 | INFO | Type final - type_matricule: object
2025-11-10 00:31:15,334 | INFO | Type final - taille_menage: Int64
2025-11-10 00:31:15,334 | INFO | Type final - recolte_24_25_kg: Int64
2025-11-10 00:31:15,334 | INFO | Type final - volume_livre_coop_24_25_kg: Int64
2025-11-10 00:31:15,334 | INFO | Type final - recolte_23_24_kg: Int64
2025-11-10 00:31:15,334 | INFO | Type final - volume_livre_coop_23_24_kg: Int64
2025-11-10 00:31:15,341 | INFO | 🧪 Diagnostic NA → outputs/script_3/na_coop_producteurs_clean.csv
2025-11-10 00:31:15,342 | INFO | 🔄 Normalisation des valeurs manquantes : 21505 cellules NaN remplacées par vide
2025-11-10 00:31:15,359 | INFO | Lecture : data_clean/coop_plantations_cols_normalized.csv
2025-11-10 00:31:15,406 | INFO | → Normalisation des valeurs manquantes : OK
2025-11-10 00:31:15,406 | INFO | → Trim texte : cooperative
2025-11-10 00:31:15,407 | INFO | → Trim texte : code_plantation
2025-11-10 00:31:15,407 | INFO | → Trim texte : code_producteur
2025-11-10 00:31:15,408 | INFO | → Trim texte : variete_cacao
2025-11-10 00:31:15,408 | INFO | → Trim texte : gerant
2025-11-10 00:31:15,409 | INFO | → Trim texte : donnees_polygonales
2025-11-10 00:31:15,413 | INFO | → Colonne réelle (float64) : superficie_cacao_ha
2025-11-10 00:31:15,417 | INFO | → Colonne réelle (float64) : rendement_kg_ha
2025-11-10 00:31:15,420 | INFO | → Colonne réelle (float64) : latitude
2025-11-10 00:31:15,424 | INFO | → Colonne réelle (float64) : longitude
2025-11-10 00:31:15,428 | INFO | → Colonne entière (Int64) : numero_ordre
2025-11-10 00:31:15,433 | INFO | → Colonne entière (Int64) : estimation_kg
2025-11-10 00:31:15,433 | INFO | Type final - numero_ordre: Int64
2025-11-10 00:31:15,433 | INFO | Type final - cooperative: object
2025-11-10 00:31:15,433 | INFO | Type final - code_plantation: object
2025-11-10 00:31:15,433 | INFO | Type final - code_producteur: object
2025-11-10 00:31:15,433 | INFO | Type final - autres_codes: float64
2025-11-10 00:31:15,433 | INFO | Type final - superficie_cacao_ha: float64
2025-11-10 00:31:15,433 | INFO | Type final - rendement_kg_ha: float64
2025-11-10 00:31:15,433 | INFO | Type final - estimation_kg: Int64
2025-11-10 00:31:15,433 | INFO | Type final - variete_cacao: object
2025-11-10 00:31:15,433 | INFO | Type final - gerant: object
2025-11-10 00:31:15,433 | INFO | Type final - nom_gerant: float64
2025-11-10 00:31:15,433 | INFO | Type final - latitude: float64
2025-11-10 00:31:15,433 | INFO | Type final - longitude: float64
2025-11-10 00:31:15,433 | INFO | Type final - donnees_polygonales: object
2025-11-10 00:31:15,434 | INFO | 🧪 Diagnostic NA → outputs/script_3/na_coop_plantations_clean.csv
2025-11-10 00:31:15,435 | INFO | 🔄 Normalisation des valeurs manquantes : 7080 cellules NaN remplacées par vide
2025-11-10 00:31:15,450 | INFO | ✔️ Nettoyage et typage terminés sans suffixe .0 pour les entiers.
2025-11-10 01:03:37,268 | INFO | Lecture : data_clean/coop_producteurs_cols_normalized.csv
2025-11-10 01:03:37,339 | INFO | → Normalisation des valeurs manquantes : OK
2025-11-10 01:03:37,343 | INFO | → Trim texte : cooperative
2025-11-10 01:03:37,343 | INFO | → Trim texte : code_producteur
2025-11-10 01:03:37,344 | INFO | → Trim texte : ville
2025-11-10 01:03:37,345 | INFO | → Trim texte : nom_coach
2025-11-10 01:03:37,347 | INFO | → Trim texte : type_matricule
2025-11-10 01:03:37,347 | INFO | → Trim texte : genre
2025-11-10 01:03:37,351 | INFO | → Colonne réelle (float64) : superficie_totale_exploitation_ha
2025-11-10 01:03:37,354 | INFO | → Colonne réelle (float64) : superficie_totale_cacao_ha
2025-11-10 01:03:37,358 | INFO | → Colonne entière (Int64) : numero_ordre
2025-11-10 01:03:37,363 | INFO | → Colonne entière (Int64) : annee_naissance
2025-11-10 01:03:37,367 | INFO | → Colonne entière (Int64) : nb_plantations_cacao
2025-11-10 01:03:37,368 | INFO | → Colonne entière (Int64) : taille_menage
2025-11-10 01:03:37,372 | INFO | → Colonne entière (Int64) : estimation_totale_kg
2025-11-10 01:03:37,377 | INFO | → Colonne entière (Int64) : recolte_24_25_kg
2025-11-10 01:03:37,381 | INFO | → Colonne entière (Int64) : volume_livre_coop_24_25_kg
2025-11-10 01:03:37,382 | INFO | → Colonne entière (Int64) : recolte_23_24_kg
2025-11-10 01:03:37,384 | INFO | → Colonne entière (Int64) : volume_livre_coop_23_24_kg
2025-11-10 01:03:37,384 | INFO | Type final - numero_ordre: Int64
2025-11-10 01:03:37,384 | INFO | Type final - cooperative: object
2025-11-10 01:03:37,384 | INFO | Type final - codes_certification: object
2025-11-10 01:03:37,384 | INFO | Type final - code_producteur: object
2025-11-10 01:03:37,384 | INFO | Type final - autres_codes: float64
2025-11-10 01:03:37,384 | INFO | Type final - annee_naissance: Int64
2025-11-10 01:03:37,384 | INFO | Type final - date_adhesion: float64
2025-11-10 01:03:37,384 | INFO | Type final - genre: object
2025-11-10 01:03:37,384 | INFO | Type final - superficie_totale_exploitation_ha: float64
2025-11-10 01:03:37,384 | INFO | Type final - superficie_totale_cacao_ha: float64
2025-11-10 01:03:37,384 | INFO | Type final - nb_plantations_cacao: Int64
2025-11-10 01:03:37,384 | INFO | Type final - estimation_totale_kg: Int64
2025-11-10 01:03:37,384 | INFO | Type final - ville: object
2025-11-10 01:03:37,384 | INFO | Type final - nom_coach: object
2025-11-10 01:03:37,384 | INFO | Type final - numero_matricule: float64
2025-11-10 01:03:37,384 | INFO | Type final - type_matricule: object
2025-11-10 01:03:37,384 | INFO | Type final - taille_menage: Int64
2025-11-10 01:03:37,384 | INFO | Type final - recolte_24_25_kg: Int64
2025-11-10 01:03:37,384 | INFO | Type final - volume_livre_coop_24_25_kg: Int64
2025-11-10 01:03:37,384 | INFO | Type final - recolte_23_24_kg: Int64
2025-11-10 01:03:37,384 | INFO | Type final - volume_livre_coop_23_24_kg: Int64
2025-11-10 01:03:37,390 | INFO | 🧪 Diagnostic NA → outputs/script_3/na_coop_producteurs_clean.csv
2025-11-10 01:03:37,391 | INFO | 🔄 Normalisation des valeurs manquantes : 21505 cellules NaN remplacées par vide
2025-11-10 01:03:37,409 | INFO | Lecture : data_clean/coop_plantations_cols_normalized.csv
2025-11-10 01:03:37,454 | INFO | → Normalisation des valeurs manquantes : OK
2025-11-10 01:03:37,455 | INFO | → Trim texte : cooperative
2025-11-10 01:03:37,455 | INFO | → Trim texte : code_plantation
2025-11-10 01:03:37,456 | INFO | → Trim texte : code_producteur
2025-11-10 01:03:37,456 | INFO | → Trim texte : variete_cacao
2025-11-10 01:03:37,456 | INFO | → Trim texte : gerant
2025-11-10 01:03:37,458 | INFO | → Trim texte : donnees_polygonales
2025-11-10 01:03:37,461 | INFO | → Colonne réelle (float64) : superficie_cacao_ha
2025-11-10 01:03:37,465 | INFO | → Colonne réelle (float64) : rendement_kg_ha
2025-11-10 01:03:37,468 | INFO | → Colonne réelle (float64) : latitude
2025-11-10 01:03:37,472 | INFO | → Colonne réelle (float64) : longitude
2025-11-10 01:03:37,476 | INFO | → Colonne entière (Int64) : numero_ordre
2025-11-10 01:03:37,480 | INFO | → Colonne entière (Int64) : estimation_kg
2025-11-10 01:03:37,480 | INFO | Type final - numero_ordre: Int64
2025-11-10 01:03:37,480 | INFO | Type final - cooperative: object
2025-11-10 01:03:37,480 | INFO | Type final - code_plantation: object
2025-11-10 01:03:37,480 | INFO | Type final - code_producteur: object
2025-11-10 01:03:37,480 | INFO | Type final - autres_codes: float64
2025-11-10 01:03:37,480 | INFO | Type final - superficie_cacao_ha: float64
2025-11-10 01:03:37,480 | INFO | Type final - rendement_kg_ha: float64
2025-11-10 01:03:37,480 | INFO | Type final - estimation_kg: Int64
2025-11-10 01:03:37,480 | INFO | Type final - variete_cacao: object
2025-11-10 01:03:37,480 | INFO | Type final - gerant: object
2025-11-10 01:03:37,480 | INFO | Type final - nom_gerant: float64
2025-11-10 01:03:37,480 | INFO | Type final - latitude: float64
2025-11-10 01:03:37,480 | INFO | Type final - longitude: float64
2025-11-10 01:03:37,480 | INFO | Type final - donnees_polygonales: object
2025-11-10 01:03:37,482 | INFO | 🧪 Diagnostic NA → outputs/script_3/na_coop_plantations_clean.csv
2025-11-10 01:03:37,482 | INFO | 🔄 Normalisation des valeurs manquantes : 7080 cellules NaN remplacées par vide
2025-11-10 01:03:37,499 | INFO | ✔️ Nettoyage et typage terminés sans suffixe .0 pour les entiers.
2025-11-10 02:25:01,862 | INFO | Lecture : data_clean/coop_producteurs_cols_normalized.csv
2025-11-10 02:25:01,934 | INFO | → Normalisation des valeurs manquantes : OK
2025-11-10 02:25:01,937 | INFO | → Trim texte : cooperative
2025-11-10 02:25:01,938 | INFO | → Trim texte : code_producteur
2025-11-10 02:25:01,938 | INFO | → Trim texte : ville
2025-11-10 02:25:01,940 | INFO | → Trim texte : nom_coach
2025-11-10 02:25:01,941 | INFO | → Trim texte : type_matricule
2025-11-10 02:25:01,942 | INFO | → Trim texte : genre
2025-11-10 02:25:01,945 | INFO | → Colonne réelle (float64) : superficie_totale_exploitation_ha
2025-11-10 02:25:01,949 | INFO | → Colonne réelle (float64) : superficie_totale_cacao_ha
2025-11-10 02:25:01,953 | INFO | → Colonne entière (Int64) : numero_ordre
2025-11-10 02:25:01,958 | INFO | → Colonne entière (Int64) : annee_naissance
2025-11-10 02:25:01,962 | INFO | → Colonne entière (Int64) : nb_plantations_cacao
2025-11-10 02:25:01,963 | INFO | → Colonne entière (Int64) : taille_menage
2025-11-10 02:25:01,967 | INFO | → Colonne entière (Int64) : estimation_totale_kg
2025-11-10 02:25:01,971 | INFO | → Colonne entière (Int64) : recolte_24_25_kg
2025-11-10 02:25:01,975 | INFO | → Colonne entière (Int64) : volume_livre_coop_24_25_kg
2025-11-10 02:25:01,977 | INFO | → Colonne entière (Int64) : recolte_23_24_kg
2025-11-10 02:25:01,978 | INFO | → Colonne entière (Int64) : volume_livre_coop_23_24_kg
2025-11-10 02:25:01,978 | INFO | Type final - numero_ordre: Int64
2025-11-10 02:25:01,978 | INFO | Type final - cooperative: object
2025-11-10 02:25:01,978 | INFO | Type final - codes_certification: object
2025-11-10 02:25:01,978 | INFO | Type final - code_producteur: object
2025-11-10 02:25:01,978 | INFO | Type final - autres_codes: float64
2025-11-10 02:25:01,978 | INFO | Type final - annee_naissance: Int64
2025-11-10 02:25:01,978 | INFO | Type final - date_adhesion: float64
2025-11-10 02:25:01,978 | INFO | Type final - genre: object
2025-11-10 02:25:01,978 | INFO | Type final - superficie_totale_exploitation_ha: float64
2025-11-10 02:25:01,978 | INFO | Type final - superficie_totale_cacao_ha: float64
2025-11-10 02:25:01,978 | INFO | Type final - nb_plantations_cacao: Int64
2025-11-10 02:25:01,978 | INFO | Type final - estimation_totale_kg: Int64
2025-11-10 02:25:01,978 | INFO | Type final - ville: object
2025-11-10 02:25:01,978 | INFO | Type final - nom_coach: object
2025-11-10 02:25:01,978 | INFO | Type final - numero_matricule: float64
2025-11-10 02:25:01,978 | INFO | Type final - type_matricule: object
2025-11-10 02:25:01,978 | INFO | Type final - taille_menage: Int64
2025-11-10 02:25:01,978 | INFO | Type final - recolte_24_25_kg: Int64
2025-11-10 02:25:01,978 | INFO | Type final - volume_livre_coop_24_25_kg: Int64
2025-11-10 02:25:01,978 | INFO | Type final - recolte_23_24_kg: Int64
2025-11-10 02:25:01,978 | INFO | Type final - volume_livre_coop_23_24_kg: Int64
2025-11-10 02:25:01,981 | INFO | 🧪 Diagnostic NA → outputs/script_3/na_coop_producteurs_clean.csv
2025-11-10 02:25:01,982 | INFO | 🔄 Normalisation des valeurs manquantes : 21505 cellules NaN remplacées par vide
2025-11-10 02:25:02,000 | INFO | Lecture : data_clean/coop_plantations_cols_normalized.csv
2025-11-10 02:25:02,046 | INFO | → Normalisation des valeurs manquantes : OK
2025-11-10 02:25:02,046 | INFO | → Trim texte : cooperative
2025-11-10 02:25:02,047 | INFO | → Trim texte : code_plantation
2025-11-10 02:25:02,047 | INFO | → Trim texte : code_producteur
2025-11-10 02:25:02,048 | INFO | → Trim texte : variete_cacao
2025-11-10 02:25:02,048 | INFO | → Trim texte : gerant
2025-11-10 02:25:02,049 | INFO | → Trim texte : donnees_polygonales
2025-11-10 02:25:02,053 | INFO | → Colonne réelle (float64) : superficie_cacao_ha
2025-11-10 02:25:02,056 | INFO | → Colonne réelle (float64) : rendement_kg_ha
2025-11-10 02:25:02,060 | INFO | → Colonne réelle (float64) : latitude
2025-11-10 02:25:02,063 | INFO | → Colonne réelle (float64) : longitude
2025-11-10 02:25:02,067 | INFO | → Colonne entière (Int64) : numero_ordre
2025-11-10 02:25:02,071 | INFO | → Colonne entière (Int64) : estimation_kg
2025-11-10 02:25:02,071 | INFO | Type final - numero_ordre: Int64
2025-11-10 02:25:02,071 | INFO | Type final - cooperative: object
2025-11-10 02:25:02,071 | INFO | Type final - code_plantation: object
2025-11-10 02:25:02,071 | INFO | Type final - code_producteur: object
2025-11-10 02:25:02,071 | INFO | Type final - autres_codes: float64
2025-11-10 02:25:02,071 | INFO | Type final - superficie_cacao_ha: float64
2025-11-10 02:25:02,071 | INFO | Type final - rendement_kg_ha: float64
2025-11-10 02:25:02,071 | INFO | Type final - estimation_kg: Int64
2025-11-10 02:25:02,071 | INFO | Type final - variete_cacao: object
2025-11-10 02:25:02,071 | INFO | Type final - gerant: object
2025-11-10 02:25:02,071 | INFO | Type final - nom_gerant: float64
2025-11-10 02:25:02,071 | INFO | Type final - latitude: float64
2025-11-10 02:25:02,071 | INFO | Type final - longitude: float64
2025-11-10 02:25:02,071 | INFO | Type final - donnees_polygonales: object
2025-11-10 02:25:02,073 | INFO | 🧪 Diagnostic NA → outputs/script_3/na_coop_plantations_clean.csv
2025-11-10 02:25:02,073 | INFO | 🔄 Normalisation des valeurs manquantes : 7080 cellules NaN remplacées par vide
2025-11-10 02:25:02,089 | INFO | ✔️ Nettoyage et typage terminés sans suffixe .0 pour les entiers.
2025-11-10 02:32:50,889 | INFO | Lecture : data_clean/coop_producteurs_cols_normalized.csv
2025-11-10 02:32:50,962 | INFO | → Normalisation des valeurs manquantes : OK
2025-11-10 02:32:50,963 | INFO | → Trim texte : cooperative
2025-11-10 02:32:50,963 | INFO | → Trim texte : code_producteur
2025-11-10 02:32:50,964 | INFO | → Trim texte : ville
2025-11-10 02:32:50,965 | INFO | → Trim texte : nom_coach
2025-11-10 02:32:50,967 | INFO | → Trim texte : type_matricule
2025-11-10 02:32:50,967 | INFO | → Trim texte : genre
2025-11-10 02:32:50,971 | INFO | → Colonne réelle (float64) : superficie_totale_exploitation_ha
2025-11-10 02:32:50,974 | INFO | → Colonne réelle (float64) : superficie_totale_cacao_ha
2025-11-10 02:32:50,978 | INFO | → Colonne entière (Int64) : numero_ordre
2025-11-10 02:32:50,982 | INFO | → Colonne entière (Int64) : annee_naissance
2025-11-10 02:32:50,986 | INFO | → Colonne entière (Int64) : nb_plantations_cacao
2025-11-10 02:32:50,988 | INFO | → Colonne entière (Int64) : taille_menage
2025-11-10 02:32:50,992 | INFO | → Colonne entière (Int64) : estimation_totale_kg
2025-11-10 02:32:50,997 | INFO | → Colonne entière (Int64) : recolte_24_25_kg
2025-11-10 02:32:51,001 | INFO | → Colonne entière (Int64) : volume_livre_coop_24_25_kg
2025-11-10 02:32:51,002 | INFO | → Colonne entière (Int64) : recolte_23_24_kg
2025-11-10 02:32:51,004 | INFO | → Colonne entière (Int64) : volume_livre_coop_23_24_kg
2025-11-10 02:32:51,004 | INFO | Type final - numero_ordre: Int64
2025-11-10 02:32:51,004 | INFO | Type final - cooperative: object
2025-11-10 02:32:51,004 | INFO | Type final - codes_certification: object
2025-11-10 02:32:51,004 | INFO | Type final - code_producteur: object
2025-11-10 02:32:51,004 | INFO | Type final - autres_codes: float64
2025-11-10 02:32:51,004 | INFO | Type final - annee_naissance: Int64
2025-11-10 02:32:51,004 | INFO | Type final - date_adhesion: float64
2025-11-10 02:32:51,004 | INFO | Type final - genre: object
2025-11-10 02:32:51,004 | INFO | Type final - superficie_totale_exploitation_ha: float64
2025-11-10 02:32:51,005 | INFO | Type final - superficie_totale_cacao_ha: float64
2025-11-10 02:32:51,005 | INFO | Type final - nb_plantations_cacao: Int64
2025-11-10 02:32:51,005 | INFO | Type final - estimation_totale_kg: Int64
2025-11-10 02:32:51,005 | INFO | Type final - ville: object
2025-11-10 02:32:51,005 | INFO | Type final - nom_coach: object
2025-11-10 02:32:51,005 | INFO | Type final - numero_matricule: float64
2025-11-10 02:32:51,005 | INFO | Type final - type_matricule: object
2025-11-10 02:32:51,005 | INFO | Type final - taille_menage: Int64
2025-11-10 02:32:51,005 | INFO | Type final - recolte_24_25_kg: Int64
2025-11-10 02:32:51,005 | INFO | Type final - volume_livre_coop_24_25_kg: Int64
2025-11-10 02:32:51,005 | INFO | Type final - recolte_23_24_kg: Int64
2025-11-10 02:32:51,005 | INFO | Type final - volume_livre_coop_23_24_kg: Int64
2025-11-10 02:32:51,007 | INFO | 🧪 Diagnostic NA → outputs/script_3/na_coop_producteurs_clean.csv
2025-11-10 02:32:51,009 | INFO | 🔄 Normalisation des valeurs manquantes : 21505 cellules NaN remplacées par vide
2025-11-10 02:32:51,027 | INFO | Lecture : data_clean/coop_plantations_cols_normalized.csv
2025-11-10 02:32:51,074 | INFO | → Normalisation des valeurs manquantes : OK
2025-11-10 02:32:51,075 | INFO | → Trim texte : cooperative
2025-11-10 02:32:51,076 | INFO | → Trim texte : code_plantation
2025-11-10 02:32:51,076 | INFO | → Trim texte : code_producteur
2025-11-10 02:32:51,077 | INFO | → Trim texte : variete_cacao
2025-11-10 02:32:51,077 | INFO | → Trim texte : gerant
2025-11-10 02:32:51,079 | INFO | → Trim texte : donnees_polygonales
2025-11-10 02:32:51,082 | INFO | → Colonne réelle (float64) : superficie_cacao_ha
2025-11-10 02:32:51,086 | INFO | → Colonne réelle (float64) : rendement_kg_ha
2025-11-10 02:32:51,090 | INFO | → Colonne réelle (float64) : latitude
2025-11-10 02:32:51,094 | INFO | → Colonne réelle (float64) : longitude
2025-11-10 02:32:51,099 | INFO | → Colonne entière (Int64) : numero_ordre
2025-11-10 02:32:51,103 | INFO | → Colonne entière (Int64) : estimation_kg
2025-11-10 02:32:51,103 | INFO | Type final - numero_ordre: Int64
2025-11-10 02:32:51,103 | INFO | Type final - cooperative: object
2025-11-10 02:32:51,103 | INFO | Type final - code_plantation: object
2025-11-10 02:32:51,103 | INFO | Type final - code_producteur: object
2025-11-10 02:32:51,103 | INFO | Type final - autres_codes: float64
2025-11-10 02:32:51,103 | INFO | Type final - superficie_cacao_ha: float64
2025-11-10 02:32:51,103 | INFO | Type final - rendement_kg_ha: float64
2025-11-10 02:32:51,103 | INFO | Type final - estimation_kg: Int64
2025-11-10 02:32:51,104 | INFO | Type final - variete_cacao: object
2025-11-10 02:32:51,104 | INFO | Type final - gerant: object
2025-11-10 02:32:51,104 | INFO | Type final - nom_gerant: float64
2025-11-10 02:32:51,104 | INFO | Type final - latitude: float64
2025-11-10 02:32:51,104 | INFO | Type final - longitude: float64
2025-11-10 02:32:51,104 | INFO | Type final - donnees_polygonales: object
2025-11-10 02:32:51,105 | INFO | 🧪 Diagnostic NA → outputs/script_3/na_coop_plantations_clean.csv
2025-11-10 02:32:51,106 | INFO | 🔄 Normalisation des valeurs manquantes : 7080 cellules NaN remplacées par vide
2025-11-10 02:32:51,124 | INFO | ✔️ Nettoyage et typage terminés sans suffixe .0 pour les entiers.
2025-11-10 02:37:26,534 | INFO | Lecture : data_clean/coop_producteurs_cols_normalized.csv
2025-11-10 02:37:26,607 | INFO | → Normalisation des valeurs manquantes : OK
2025-11-10 02:37:26,608 | INFO | → Trim texte : cooperative
2025-11-10 02:37:26,608 | INFO | → Trim texte : code_producteur
2025-11-10 02:37:26,609 | INFO | → Trim texte : ville
2025-11-10 02:37:26,610 | INFO | → Trim texte : nom_coach
2025-11-10 02:37:26,612 | INFO | → Trim texte : type_matricule
2025-11-10 02:37:26,612 | INFO | → Trim texte : genre
2025-11-10 02:37:26,616 | INFO | → Colonne réelle (float64) : superficie_totale_exploitation_ha
2025-11-10 02:37:26,620 | INFO | → Colonne réelle (float64) : superficie_totale_cacao_ha
2025-11-10 02:37:26,624 | INFO | → Colonne entière (Int64) : numero_ordre
2025-11-10 02:37:26,628 | INFO | → Colonne entière (Int64) : annee_naissance
2025-11-10 02:37:26,632 | INFO | → Colonne entière (Int64) : nb_plantations_cacao
2025-11-10 02:37:26,633 | INFO | → Colonne entière (Int64) : taille_menage
2025-11-10 02:37:26,637 | INFO | → Colonne entière (Int64) : estimation_totale_kg
2025-11-10 02:37:26,641 | INFO | → Colonne entière (Int64) : recolte_24_25_kg
2025-11-10 02:37:26,645 | INFO | → Colonne entière (Int64) : volume_livre_coop_24_25_kg
2025-11-10 02:37:26,646 | INFO | → Colonne entière (Int64) : recolte_23_24_kg
2025-11-10 02:37:26,647 | INFO | → Colonne entière (Int64) : volume_livre_coop_23_24_kg
2025-11-10 02:37:26,647 | INFO | Type final - numero_ordre: Int64
2025-11-10 02:37:26,647 | INFO | Type final - cooperative: object
2025-11-10 02:37:26,647 | INFO | Type final - codes_certification: object
2025-11-10 02:37:26,647 | INFO | Type final - code_producteur: object
2025-11-10 02:37:26,647 | INFO | Type final - autres_codes: float64
2025-11-10 02:37:26,647 | INFO | Type final - annee_naissance: Int64
2025-11-10 02:37:26,647 | INFO | Type final - date_adhesion: float64
2025-11-10 02:37:26,647 | INFO | Type final - genre: object
2025-11-10 02:37:26,647 | INFO | Type final - superficie_totale_exploitation_ha: float64
2025-11-10 02:37:26,648 | INFO | Type final - superficie_totale_cacao_ha: float64
2025-11-10 02:37:26,648 | INFO | Type final - nb_plantations_cacao: Int64
2025-11-10 02:37:26,648 | INFO | Type final - estimation_totale_kg: Int64
2025-11-10 02:37:26,648 | INFO | Type final - ville: object
2025-11-10 02:37:26,648 | INFO | Type final - nom_coach: object
2025-11-10 02:37:26,648 | INFO | Type final - numero_matricule: float64
2025-11-10 02:37:26,648 | INFO | Type final - type_matricule: object
2025-11-10 02:37:26,648 | INFO | Type final - taille_menage: Int64
2025-11-10 02:37:26,648 | INFO | Type final - recolte_24_25_kg: Int64
2025-11-10 02:37:26,648 | INFO | Type final - volume_livre_coop_24_25_kg: Int64
2025-11-10 02:37:26,648 | INFO | Type final - recolte_23_24_kg: Int64
2025-11-10 02:37:26,648 | INFO | Type final - volume_livre_coop_23_24_kg: Int64
2025-11-10 02:37:26,650 | INFO | 🧪 Diagnostic NA → outputs/script_3/na_coop_producteurs_clean.csv
2025-11-10 02:37:26,651 | INFO | 🔄 Normalisation des valeurs manquantes : 21505 cellules NaN remplacées par vide
2025-11-10 02:37:26,672 | INFO | Lecture : data_clean/coop_plantations_cols_normalized.csv
2025-11-10 02:37:26,718 | INFO | → Normalisation des valeurs manquantes : OK
2025-11-10 02:37:26,719 | INFO | → Trim texte : cooperative
2025-11-10 02:37:26,719 | INFO | → Trim texte : code_plantation
2025-11-10 02:37:26,720 | INFO | → Trim texte : code_producteur
2025-11-10 02:37:26,720 | INFO | → Trim texte : variete_cacao
2025-11-10 02:37:26,721 | INFO | → Trim texte : gerant
2025-11-10 02:37:26,722 | INFO | → Trim texte : donnees_polygonales
2025-11-10 02:37:26,725 | INFO | → Colonne réelle (float64) : superficie_cacao_ha
2025-11-10 02:37:26,729 | INFO | → Colonne réelle (float64) : rendement_kg_ha
2025-11-10 02:37:26,733 | INFO | → Colonne réelle (float64) : latitude
2025-11-10 02:37:26,736 | INFO | → Colonne réelle (float64) : longitude
2025-11-10 02:37:26,740 | INFO | → Colonne entière (Int64) : numero_ordre
2025-11-10 02:37:26,744 | INFO | → Colonne entière (Int64) : estimation_kg
2025-11-10 02:37:26,744 | INFO | Type final - numero_ordre: Int64
2025-11-10 02:37:26,744 | INFO | Type final - cooperative: object
2025-11-10 02:37:26,744 | INFO | Type final - code_plantation: object
2025-11-10 02:37:26,745 | INFO | Type final - code_producteur: object
2025-11-10 02:37:26,745 | INFO | Type final - autres_codes: float64
2025-11-10 02:37:26,745 | INFO | Type final - superficie_cacao_ha: float64
2025-11-10 02:37:26,745 | INFO | Type final - rendement_kg_ha: float64
2025-11-10 02:37:26,745 | INFO | Type final - estimation_kg: Int64
2025-11-10 02:37:26,745 | INFO | Type final - variete_cacao: object
2025-11-10 02:37:26,745 | INFO | Type final - gerant: object
2025-11-10 02:37:26,745 | INFO | Type final - nom_gerant: float64
2025-11-10 02:37:26,745 | INFO | Type final - latitude: float64
2025-11-10 02:37:26,745 | INFO | Type final - longitude: float64
2025-11-10 02:37:26,745 | INFO | Type final - donnees_polygonales: object
2025-11-10 02:37:26,746 | INFO | 🧪 Diagnostic NA → outputs/script_3/na_coop_plantations_clean.csv
2025-11-10 02:37:26,747 | INFO | 🔄 Normalisation des valeurs manquantes : 7080 cellules NaN remplacées par vide
2025-11-10 02:37:26,765 | INFO | ✔️ Nettoyage et typage terminés sans suffixe .0 pour les entiers.
